\BOOKMARK [0][-]{chapter.1}{\376\377\0001\000\040\000P\000r\000o\000j\000e\000c\000t\000\137\000c\000o\000n\000n\000e\000c\000t}{}% 1
\BOOKMARK [0][-]{chapter.2}{\376\377\0002\000\040\000H\000i\000e\000r\000a\000r\000c\000h\000i\000c\000a\000l\000\040\000I\000n\000d\000e\000x}{}% 2
\BOOKMARK [1][-]{section.2.1}{\376\377\0002\000.\0001\000\040\000C\000l\000a\000s\000s\000\040\000H\000i\000e\000r\000a\000r\000c\000h\000y}{chapter.2}% 3
\BOOKMARK [0][-]{chapter.3}{\376\377\0003\000\040\000C\000l\000a\000s\000s\000\040\000I\000n\000d\000e\000x}{}% 4
\BOOKMARK [1][-]{section.3.1}{\376\377\0003\000.\0001\000\040\000C\000l\000a\000s\000s\000\040\000L\000i\000s\000t}{chapter.3}% 5
\BOOKMARK [0][-]{chapter.4}{\376\377\0004\000\040\000F\000i\000l\000e\000\040\000I\000n\000d\000e\000x}{}% 6
\BOOKMARK [1][-]{section.4.1}{\376\377\0004\000.\0001\000\040\000F\000i\000l\000e\000\040\000L\000i\000s\000t}{chapter.4}% 7
\BOOKMARK [0][-]{chapter.5}{\376\377\0005\000\040\000C\000l\000a\000s\000s\000\040\000D\000o\000c\000u\000m\000e\000n\000t\000a\000t\000i\000o\000n}{}% 8
\BOOKMARK [1][-]{section.5.1}{\376\377\0005\000.\0001\000\040\000A\000i\000r\000Q\000u\000a\000l\000i\000t\000y\000\040\000C\000l\000a\000s\000s\000\040\000R\000e\000f\000e\000r\000e\000n\000c\000e}{chapter.5}% 9
\BOOKMARK [1][-]{section.5.2}{\376\377\0005\000.\0002\000\040\000G\000a\000t\000e\000w\000a\000y\000\040\000C\000l\000a\000s\000s\000\040\000R\000e\000f\000e\000r\000e\000n\000c\000e}{chapter.5}% 10
\BOOKMARK [1][-]{section.5.3}{\376\377\0005\000.\0003\000\040\000M\000q\000t\000t\000C\000o\000m\000\040\000C\000l\000a\000s\000s\000\040\000R\000e\000f\000e\000r\000e\000n\000c\000e}{chapter.5}% 11
\BOOKMARK [1][-]{section.5.4}{\376\377\0005\000.\0004\000\040\000M\000q\000t\000t\000H\000a\000n\000d\000l\000e\000r\000\040\000C\000l\000a\000s\000s\000\040\000R\000e\000f\000e\000r\000e\000n\000c\000e}{chapter.5}% 12
\BOOKMARK [2][-]{subsection.5.4.1}{\376\377\0005\000.\0004\000.\0001\000\040\000D\000e\000t\000a\000i\000l\000e\000d\000\040\000D\000e\000s\000c\000r\000i\000p\000t\000i\000o\000n}{section.5.4}% 13
\BOOKMARK [2][-]{subsection.5.4.2}{\376\377\0005\000.\0004\000.\0002\000\040\000C\000o\000n\000s\000t\000r\000u\000c\000t\000o\000r\000\040\000\046\000\040\000D\000e\000s\000t\000r\000u\000c\000t\000o\000r\000\040\000D\000o\000c\000u\000m\000e\000n\000t\000a\000t\000i\000o\000n}{section.5.4}% 14
\BOOKMARK [3][-]{subsubsection.5.4.2.1}{\376\377\0005\000.\0004\000.\0002\000.\0001\000\040\000M\000q\000t\000t\000H\000a\000n\000d\000l\000e\000r\000\050\000\051}{subsection.5.4.2}% 15
\BOOKMARK [2][-]{subsection.5.4.3}{\376\377\0005\000.\0004\000.\0003\000\040\000M\000e\000m\000b\000e\000r\000\040\000F\000u\000n\000c\000t\000i\000o\000n\000\040\000D\000o\000c\000u\000m\000e\000n\000t\000a\000t\000i\000o\000n}{section.5.4}% 16
\BOOKMARK [3][-]{subsubsection.5.4.3.1}{\376\377\0005\000.\0004\000.\0003\000.\0001\000\040\000o\000n\000M\000e\000s\000s\000a\000g\000e}{subsection.5.4.3}% 17
\BOOKMARK [3][-]{subsubsection.5.4.3.2}{\376\377\0005\000.\0004\000.\0003\000.\0002\000\040\000p\000u\000b\000l\000i\000s\000h\000D\000a\000t\000a\000\050\000\051}{subsection.5.4.3}% 18
\BOOKMARK [1][-]{section.5.5}{\376\377\0005\000.\0005\000\040\000M\000q\000t\000t\000S\000e\000n\000s\000o\000r\000\040\000C\000l\000a\000s\000s\000\040\000R\000e\000f\000e\000r\000e\000n\000c\000e}{chapter.5}% 19
\BOOKMARK [2][-]{subsection.5.5.1}{\376\377\0005\000.\0005\000.\0001\000\040\000D\000e\000t\000a\000i\000l\000e\000d\000\040\000D\000e\000s\000c\000r\000i\000p\000t\000i\000o\000n}{section.5.5}% 20
\BOOKMARK [2][-]{subsection.5.5.2}{\376\377\0005\000.\0005\000.\0002\000\040\000C\000o\000n\000s\000t\000r\000u\000c\000t\000o\000r\000\040\000\046\000\040\000D\000e\000s\000t\000r\000u\000c\000t\000o\000r\000\040\000D\000o\000c\000u\000m\000e\000n\000t\000a\000t\000i\000o\000n}{section.5.5}% 21
\BOOKMARK [3][-]{subsubsection.5.5.2.1}{\376\377\0005\000.\0005\000.\0002\000.\0001\000\040\000M\000q\000t\000t\000S\000e\000n\000s\000o\000r\000\050\000\051}{subsection.5.5.2}% 22
\BOOKMARK [2][-]{subsection.5.5.3}{\376\377\0005\000.\0005\000.\0003\000\040\000M\000e\000m\000b\000e\000r\000\040\000F\000u\000n\000c\000t\000i\000o\000n\000\040\000D\000o\000c\000u\000m\000e\000n\000t\000a\000t\000i\000o\000n}{section.5.5}% 23
\BOOKMARK [3][-]{subsubsection.5.5.3.1}{\376\377\0005\000.\0005\000.\0003\000.\0001\000\040\000d\000a\000t\000a\000P\000u\000b\000l\000i\000s\000h}{subsection.5.5.3}% 24
\BOOKMARK [3][-]{subsubsection.5.5.3.2}{\376\377\0005\000.\0005\000.\0003\000.\0002\000\040\000o\000n\000M\000e\000s\000s\000a\000g\000e}{subsection.5.5.3}% 25
\BOOKMARK [1][-]{section.5.6}{\376\377\0005\000.\0006\000\040\000S\000e\000n\000s\000o\000r\000\040\000C\000l\000a\000s\000s\000\040\000R\000e\000f\000e\000r\000e\000n\000c\000e}{chapter.5}% 26
\BOOKMARK [2][-]{subsection.5.6.1}{\376\377\0005\000.\0006\000.\0001\000\040\000D\000e\000t\000a\000i\000l\000e\000d\000\040\000D\000e\000s\000c\000r\000i\000p\000t\000i\000o\000n}{section.5.6}% 27
\BOOKMARK [2][-]{subsection.5.6.2}{\376\377\0005\000.\0006\000.\0002\000\040\000C\000o\000n\000s\000t\000r\000u\000c\000t\000o\000r\000\040\000\046\000\040\000D\000e\000s\000t\000r\000u\000c\000t\000o\000r\000\040\000D\000o\000c\000u\000m\000e\000n\000t\000a\000t\000i\000o\000n}{section.5.6}% 28
\BOOKMARK [3][-]{subsubsection.5.6.2.1}{\376\377\0005\000.\0006\000.\0002\000.\0001\000\040\000S\000e\000n\000s\000o\000r\000\050\000\051\000\040\000[\0001\000/\0002\000]}{subsection.5.6.2}% 29
\BOOKMARK [3][-]{subsubsection.5.6.2.2}{\376\377\0005\000.\0006\000.\0002\000.\0002\000\040\000S\000e\000n\000s\000o\000r\000\050\000\051\000\040\000[\0002\000/\0002\000]}{subsection.5.6.2}% 30
\BOOKMARK [2][-]{subsection.5.6.3}{\376\377\0005\000.\0006\000.\0003\000\040\000M\000e\000m\000b\000e\000r\000\040\000F\000u\000n\000c\000t\000i\000o\000n\000\040\000D\000o\000c\000u\000m\000e\000n\000t\000a\000t\000i\000o\000n}{section.5.6}% 31
\BOOKMARK [3][-]{subsubsection.5.6.3.1}{\376\377\0005\000.\0006\000.\0003\000.\0001\000\040\000o\000n\000M\000e\000s\000s\000a\000g\000e}{subsection.5.6.3}% 32
\BOOKMARK [3][-]{subsubsection.5.6.3.2}{\376\377\0005\000.\0006\000.\0003\000.\0002\000\040\000S\000e\000n\000d\000D\000a\000t\000a}{subsection.5.6.3}% 33
\BOOKMARK [1][-]{section.5.7}{\376\377\0005\000.\0007\000\040\000S\000e\000n\000s\000o\000r\000G\000p\000i\000o\000D\000a\000t\000a\000\040\000C\000l\000a\000s\000s\000\040\000R\000e\000f\000e\000r\000e\000n\000c\000e}{chapter.5}% 34
\BOOKMARK [2][-]{subsection.5.7.1}{\376\377\0005\000.\0007\000.\0001\000\040\000D\000e\000t\000a\000i\000l\000e\000d\000\040\000D\000e\000s\000c\000r\000i\000p\000t\000i\000o\000n}{section.5.7}% 35
\BOOKMARK [2][-]{subsection.5.7.2}{\376\377\0005\000.\0007\000.\0002\000\040\000C\000o\000n\000s\000t\000r\000u\000c\000t\000o\000r\000\040\000\046\000\040\000D\000e\000s\000t\000r\000u\000c\000t\000o\000r\000\040\000D\000o\000c\000u\000m\000e\000n\000t\000a\000t\000i\000o\000n}{section.5.7}% 36
\BOOKMARK [3][-]{subsubsection.5.7.2.1}{\376\377\0005\000.\0007\000.\0002\000.\0001\000\040\000S\000e\000n\000s\000o\000r\000G\000p\000i\000o\000D\000a\000t\000a\000\050\000\051}{subsection.5.7.2}% 37
\BOOKMARK [1][-]{section.5.8}{\376\377\0005\000.\0008\000\040\000S\000e\000n\000s\000o\000r\000V\000a\000l\000u\000e\000\040\000C\000l\000a\000s\000s\000\040\000R\000e\000f\000e\000r\000e\000n\000c\000e}{chapter.5}% 38
\BOOKMARK [2][-]{subsection.5.8.1}{\376\377\0005\000.\0008\000.\0001\000\040\000D\000e\000t\000a\000i\000l\000e\000d\000\040\000D\000e\000s\000c\000r\000i\000p\000t\000i\000o\000n}{section.5.8}% 39
\BOOKMARK [2][-]{subsection.5.8.2}{\376\377\0005\000.\0008\000.\0002\000\040\000C\000o\000n\000s\000t\000r\000u\000c\000t\000o\000r\000\040\000\046\000\040\000D\000e\000s\000t\000r\000u\000c\000t\000o\000r\000\040\000D\000o\000c\000u\000m\000e\000n\000t\000a\000t\000i\000o\000n}{section.5.8}% 40
\BOOKMARK [3][-]{subsubsection.5.8.2.1}{\376\377\0005\000.\0008\000.\0002\000.\0001\000\040\000S\000e\000n\000s\000o\000r\000V\000a\000l\000u\000e\000\050\000\051}{subsection.5.8.2}% 41
\BOOKMARK [2][-]{subsection.5.8.3}{\376\377\0005\000.\0008\000.\0003\000\040\000M\000e\000m\000b\000e\000r\000\040\000F\000u\000n\000c\000t\000i\000o\000n\000\040\000D\000o\000c\000u\000m\000e\000n\000t\000a\000t\000i\000o\000n}{section.5.8}% 42
\BOOKMARK [3][-]{subsubsection.5.8.3.1}{\376\377\0005\000.\0008\000.\0003\000.\0001\000\040\000c\000a\000s\000t\000V\000a\000l\000u\000e}{subsection.5.8.3}% 43
\BOOKMARK [3][-]{subsubsection.5.8.3.2}{\376\377\0005\000.\0008\000.\0003\000.\0002\000\040\000d\000a\000t\000a\000S\000e\000n\000s\000o\000r}{subsection.5.8.3}% 44
\BOOKMARK [3][-]{subsubsection.5.8.3.3}{\376\377\0005\000.\0008\000.\0003\000.\0003\000\040\000s\000e\000n\000d}{subsection.5.8.3}% 45
\BOOKMARK [3][-]{subsubsection.5.8.3.4}{\376\377\0005\000.\0008\000.\0003\000.\0004\000\040\000s\000t\000r\000i\000n\000g\000T\000o\000V\000a\000l\000u\000e}{subsection.5.8.3}% 46
\BOOKMARK [0][-]{chapter.6}{\376\377\0006\000\040\000F\000i\000l\000e\000\040\000D\000o\000c\000u\000m\000e\000n\000t\000a\000t\000i\000o\000n}{}% 47
\BOOKMARK [1][-]{section.6.1}{\376\377\0006\000.\0001\000\040\000/\000h\000o\000m\000e\000/\000t\000h\000o\000m\000a\000s\000/\000D\000o\000c\000u\000m\000e\000n\000t\000s\000/\000M\0002\000/\000A\000r\000c\000h\000i\000\137\000l\000o\000g\000i\000c\000i\000e\000l\000/\000p\000r\000o\000j\000e\000c\000t\000\137\000c\000o\000n\000n\000e\000c\000t\000/\000b\000m\000e\0002\0008\0000\000/\000M\000q\000t\000t\000S\000e\000n\000s\000o\000r\000.\000c\000p\000p\000\040\000F\000i\000l\000e\000\040\000R\000e\000f\000e\000r\000e\000n\000c\000e}{chapter.6}% 48
\BOOKMARK [2][-]{subsection.6.1.1}{\376\377\0006\000.\0001\000.\0001\000\040\000D\000e\000t\000a\000i\000l\000e\000d\000\040\000D\000e\000s\000c\000r\000i\000p\000t\000i\000o\000n}{section.6.1}% 49
\BOOKMARK [1][-]{section.6.2}{\376\377\0006\000.\0002\000\040\000/\000h\000o\000m\000e\000/\000t\000h\000o\000m\000a\000s\000/\000D\000o\000c\000u\000m\000e\000n\000t\000s\000/\000M\0002\000/\000A\000r\000c\000h\000i\000\137\000l\000o\000g\000i\000c\000i\000e\000l\000/\000p\000r\000o\000j\000e\000c\000t\000\137\000c\000o\000n\000n\000e\000c\000t\000/\000b\000m\000e\0002\0008\0000\000/\000M\000q\000t\000t\000S\000e\000n\000s\000o\000r\000.\000h\000\040\000F\000i\000l\000e\000\040\000R\000e\000f\000e\000r\000e\000n\000c\000e}{chapter.6}% 50
\BOOKMARK [2][-]{subsection.6.2.1}{\376\377\0006\000.\0002\000.\0001\000\040\000D\000e\000t\000a\000i\000l\000e\000d\000\040\000D\000e\000s\000c\000r\000i\000p\000t\000i\000o\000n}{section.6.2}% 51
\BOOKMARK [1][-]{section.6.3}{\376\377\0006\000.\0003\000\040\000/\000h\000o\000m\000e\000/\000t\000h\000o\000m\000a\000s\000/\000D\000o\000c\000u\000m\000e\000n\000t\000s\000/\000M\0002\000/\000A\000r\000c\000h\000i\000\137\000l\000o\000g\000i\000c\000i\000e\000l\000/\000p\000r\000o\000j\000e\000c\000t\000\137\000c\000o\000n\000n\000e\000c\000t\000/\000b\000m\000e\0002\0008\0000\000/\000S\000e\000n\000s\000o\000r\000V\000a\000l\000u\000e\000.\000c\000p\000p\000\040\000F\000i\000l\000e\000\040\000R\000e\000f\000e\000r\000e\000n\000c\000e}{chapter.6}% 52
\BOOKMARK [2][-]{subsection.6.3.1}{\376\377\0006\000.\0003\000.\0001\000\040\000D\000e\000t\000a\000i\000l\000e\000d\000\040\000D\000e\000s\000c\000r\000i\000p\000t\000i\000o\000n}{section.6.3}% 53
\BOOKMARK [1][-]{section.6.4}{\376\377\0006\000.\0004\000\040\000/\000h\000o\000m\000e\000/\000t\000h\000o\000m\000a\000s\000/\000D\000o\000c\000u\000m\000e\000n\000t\000s\000/\000M\0002\000/\000A\000r\000c\000h\000i\000\137\000l\000o\000g\000i\000c\000i\000e\000l\000/\000p\000r\000o\000j\000e\000c\000t\000\137\000c\000o\000n\000n\000e\000c\000t\000/\000b\000m\000e\0002\0008\0000\000/\000S\000e\000n\000s\000o\000r\000V\000a\000l\000u\000e\000.\000h\000\040\000F\000i\000l\000e\000\040\000R\000e\000f\000e\000r\000e\000n\000c\000e}{chapter.6}% 54
\BOOKMARK [2][-]{subsection.6.4.1}{\376\377\0006\000.\0004\000.\0001\000\040\000D\000e\000t\000a\000i\000l\000e\000d\000\040\000D\000e\000s\000c\000r\000i\000p\000t\000i\000o\000n}{section.6.4}% 55
